# JRE version: OpenJDK Runtime Environment Corretto-17.0.12.7.1 (17.0.12+7) (build 17.0.12+7-LTS)
# Java VM: OpenJDK 64-Bit Server VM Corretto-17.0.12.7.1 (17.0.12+7-LTS, mixed mode, sharing, tiered, compressed oops, compressed class ptrs, g1 gc, windows-amd64)
GC Precious Log:
 CPUs: 12 total, 12 available
 Memory: 16121M
 Large Page Support: Disabled
 NUMA Support: Disabled
 Compressed Oops: Enabled (32-bit)
 Heap Region Size: 1M
 Heap Min Capacity: 256M
 Heap Initial Capacity: 256M
 Heap Max Capacity: 512M
 Pre-touch: Disabled
 Parallel Workers: 10
 Concurrent Workers: 3
 Concurrent Refinement Workers: 10
 Periodic GC: Disabled
Heap:
 garbage-first heap   total 268288K, used 214065K [0x00000000e0000000, 0x0000000100000000)
  region size 1024K, 64 young (65536K), 2 survivors (2048K)
 Metaspace       used 90697K, committed 91648K, reserved 458752K
  class space    used 12157K, committed 12608K, reserved 327680K
GC Heap History (20 events):
Event: 1135.617 GC heap before
{Heap before GC invocations=17 (full 0):
 garbage-first heap   total 262144K, used 222380K [0x00000000e0000000, 0x0000000100000000)
  region size 1024K, 118 young (120832K), 18 survivors (18432K)
 Metaspace       used 85880K, committed 86848K, reserved 458752K
  class space    used 11468K, committed 11904K, reserved 327680K
}
Event: 1135.628 GC heap after
{Heap after GC invocations=18 (full 0):
 garbage-first heap   total 262144K, used 130863K [0x00000000e0000000, 0x0000000100000000)
  region size 1024K, 13 young (13312K), 13 survivors (13312K)
 Metaspace       used 85880K, committed 86848K, reserved 458752K
  class space    used 11468K, committed 11904K, reserved 327680K
}
Event: 1135.788 GC heap before
{Heap before GC invocations=18 (full 0):
 garbage-first heap   total 262144K, used 141103K [0x00000000e0000000, 0x0000000100000000)
  region size 1024K, 24 young (24576K), 13 survivors (13312K)
 Metaspace       used 86788K, committed 87808K, reserved 458752K
  class space    used 11577K, committed 12032K, reserved 327680K
}
Event: 1135.795 GC heap after
{Heap after GC invocations=19 (full 0):
 garbage-first heap   total 262144K, used 131749K [0x00000000e0000000, 0x0000000100000000)
  region size 1024K, 2 young (2048K), 2 survivors (2048K)
 Metaspace       used 86788K, committed 87808K, reserved 458752K
  class space    used 11577K, committed 12032K, reserved 327680K
}
Event: 1136.546 GC heap before
{Heap before GC invocations=20 (full 0):
 garbage-first heap   total 262144K, used 214693K [0x00000000e0000000, 0x0000000100000000)
  region size 1024K, 73 young (74752K), 2 survivors (2048K)
 Metaspace       used 86518K, committed 87360K, reserved 458752K
  class space    used 11651K, committed 12032K, reserved 327680K
}
Event: 1136.551 GC heap after
{Heap after GC invocations=21 (full 0):
 garbage-first heap   total 262144K, used 150239K [0x00000000e0000000, 0x0000000100000000)
  region size 1024K, 10 young (10240K), 10 survivors (10240K)
 Metaspace       used 86518K, committed 87360K, reserved 458752K
  class space    used 11651K, committed 12032K, reserved 327680K
}
Event: 1136.566 GC heap before
{Heap before GC invocations=21 (full 0):
 garbage-first heap   total 262144K, used 152287K [0x00000000e0000000, 0x0000000100000000)
  region size 1024K, 12 young (12288K), 10 survivors (10240K)
 Metaspace       used 86518K, committed 87360K, reserved 458752K
  class space    used 11651K, committed 12032K, reserved 327680K
}
Event: 1136.572 GC heap after
{Heap after GC invocations=22 (full 0):
 garbage-first heap   total 262144K, used 145398K [0x00000000e0000000, 0x0000000100000000)
  region size 1024K, 2 young (2048K), 2 survivors (2048K)
 Metaspace       used 86518K, committed 87360K, reserved 458752K
  class space    used 11651K, committed 12032K, reserved 327680K
}
Event: 1137.106 GC heap before
{Heap before GC invocations=22 (full 0):
 garbage-first heap   total 262144K, used 208886K [0x00000000e0000000, 0x0000000100000000)
  region size 1024K, 64 young (65536K), 2 survivors (2048K)
 Metaspace       used 86826K, committed 87680K, reserved 458752K
  class space    used 11666K, committed 12096K, reserved 327680K
}
Event: 1137.111 GC heap after
{Heap after GC invocations=23 (full 0):
 garbage-first heap   total 262144K, used 153898K [0x00000000e0000000, 0x0000000100000000)
  region size 1024K, 8 young (8192K), 8 survivors (8192K)
 Metaspace       used 86826K, committed 87680K, reserved 458752K
  class space    used 11666K, committed 12096K, reserved 327680K
}
Event: 1137.469 GC heap before
{Heap before GC invocations=24 (full 0):
 garbage-first heap   total 263168K, used 210218K [0x00000000e0000000, 0x0000000100000000)
  region size 1024K, 65 young (66560K), 8 survivors (8192K)
 Metaspace       used 85340K, committed 86336K, reserved 458752K
  class space    used 11476K, committed 11968K, reserved 327680K
}
Event: 1137.478 GC heap after
{Heap after GC invocations=25 (full 0):
 garbage-first heap   total 263168K, used 158150K [0x00000000e0000000, 0x0000000100000000)
  region size 1024K, 7 young (7168K), 7 survivors (7168K)
 Metaspace       used 85340K, committed 86336K, reserved 458752K
  class space    used 11476K, committed 11968K, reserved 327680K
}
Event: 1137.513 GC heap before
{Heap before GC invocations=25 (full 0):
 garbage-first heap   total 263168K, used 163270K [0x00000000e0000000, 0x0000000100000000)
  region size 1024K, 12 young (12288K), 7 survivors (7168K)
 Metaspace       used 85364K, committed 86336K, reserved 458752K
  class space    used 11477K, committed 11968K, reserved 327680K
}
Event: 1137.519 GC heap after
{Heap after GC invocations=26 (full 0):
 garbage-first heap   total 263168K, used 143288K [0x00000000e0000000, 0x0000000100000000)
  region size 1024K, 2 young (2048K), 2 survivors (2048K)
 Metaspace       used 85364K, committed 86336K, reserved 458752K
  class space    used 11477K, committed 11968K, reserved 327680K
}
Event: 1138.494 GC heap before
{Heap before GC invocations=26 (full 0):
 garbage-first heap   total 263168K, used 210872K [0x00000000e0000000, 0x0000000100000000)
  region size 1024K, 68 young (69632K), 2 survivors (2048K)
 Metaspace       used 85449K, committed 86400K, reserved 458752K
  class space    used 11478K, committed 11968K, reserved 327680K
}
Event: 1138.500 GC heap after
{Heap after GC invocations=27 (full 0):
 garbage-first heap   total 263168K, used 152576K [0x00000000e0000000, 0x0000000100000000)
  region size 1024K, 9 young (9216K), 9 survivors (9216K)
 Metaspace       used 85449K, committed 86400K, reserved 458752K
  class space    used 11478K, committed 11968K, reserved 327680K
}
Event: 1139.009 GC heap before
{Heap before GC invocations=28 (full 0):
 garbage-first heap   total 268288K, used 212992K [0x00000000e0000000, 0x0000000100000000)
  region size 1024K, 69 young (70656K), 9 survivors (9216K)
 Metaspace       used 85998K, committed 86912K, reserved 458752K
  class space    used 11534K, committed 11968K, reserved 327680K
}
Event: 1139.014 GC heap after
{Heap after GC invocations=29 (full 0):
 garbage-first heap   total 268288K, used 152522K [0x00000000e0000000, 0x0000000100000000)
  region size 1024K, 7 young (7168K), 7 survivors (7168K)
 Metaspace       used 85998K, committed 86912K, reserved 458752K
  class space    used 11534K, committed 11968K, reserved 327680K
}
Event: 1139.047 GC heap before
{Heap before GC invocations=29 (full 0):
 garbage-first heap   total 268288K, used 158666K [0x00000000e0000000, 0x0000000100000000)
  region size 1024K, 13 young (13312K), 7 survivors (7168K)
 Metaspace       used 86007K, committed 86912K, reserved 458752K
  class space    used 11535K, committed 11968K, reserved 327680K
}
Event: 1139.053 GC heap after
{Heap after GC invocations=30 (full 0):
 garbage-first heap   total 268288K, used 149553K [0x00000000e0000000, 0x0000000100000000)
  region size 1024K, 2 young (2048K), 2 survivors (2048K)
 Metaspace       used 86007K, committed 86912K, reserved 458752K
  class space    used 11535K, committed 11968K, reserved 327680K
}

